<?xml version="1.0" encoding="UTF-8"?>
<testsuite name="testSuite.todoist.CRUDProjectTest" tests="1" skipped="0" failures="0" errors="0" timestamp="2022-11-16T06:45:44" hostname="MacBook-Pro-de-Janeth.local" time="15.939">
  <properties/>
  <testcase name="verifyCRUDProject()" classname="testSuite.todoist.CRUDProjectTest" time="15.939"/>
  <system-out><![CDATA[]]></system-out>
  <system-err><![CDATA[SLF4J: Failed to load class "org.slf4j.impl.StaticLoggerBinder".
SLF4J: Defaulting to no-operation (NOP) logger implementation
SLF4J: See http://www.slf4j.org/codes.html#StaticLoggerBinder for further details.
Starting ChromeDriver 107.0.5304.62 (1eec40d3a5764881c92085aaee66d25075c159aa-refs/branch-heads/5304@{#942}) on port 10665
Only local connections are allowed.
Please see https://chromedriver.chromium.org/security-considerations for suggestions on keeping ChromeDriver safe.
ChromeDriver was started successfully.
nov. 16, 2022 2:45:47 A. M. org.openqa.selenium.devtools.CdpVersionFinder findNearestMatch
WARNING: Unable to find an exact match for CDP version 107, so returning the closest version found: 106
]]></system-err>
</testsuite>
